# JRE version: Java(TM) SE Runtime Environment 18.9 (11.0.18+9) (build 11.0.18+9-LTS-195)
# Java VM: Java HotSpot(TM) 64-Bit Server VM 18.9 (11.0.18+9-LTS-195, mixed mode, tiered, compressed oops, g1 gc, windows-amd64)
Heap:
 garbage-first heap   total 99328K, used 58939K [0x000000070ae00000, 0x0000000800000000)
  region size 1024K, 30 young (30720K), 4 survivors (4096K)
 Metaspace       used 71790K, capacity 73711K, committed 73856K, reserved 1114112K
  class space    used 8317K, capacity 9052K, committed 9088K, reserved 1048576K
GC Heap History (10 events):
Event: 7766.467 GC heap after
{Heap after GC invocations=27 (full 2):
 garbage-first heap   total 99328K, used 32135K [0x000000070ae00000, 0x0000000800000000)
  region size 1024K, 4 young (4096K), 4 survivors (4096K)
 Metaspace       used 71389K, capacity 73358K, committed 73600K, reserved 1114112K
  class space    used 8306K, capacity 9044K, committed 9088K, reserved 1048576K
}
Event: 8357.577 GC heap before
{Heap before GC invocations=27 (full 2):
 garbage-first heap   total 99328K, used 81287K [0x000000070ae00000, 0x0000000800000000)
  region size 1024K, 52 young (53248K), 4 survivors (4096K)
 Metaspace       used 71498K, capacity 73422K, committed 73600K, reserved 1114112K
  class space    used 8306K, capacity 9044K, committed 9088K, reserved 1048576K
}
Event: 8357.584 GC heap after
{Heap after GC invocations=28 (full 2):
 garbage-first heap   total 99328K, used 32293K [0x000000070ae00000, 0x0000000800000000)
  region size 1024K, 4 young (4096K), 4 survivors (4096K)
 Metaspace       used 71498K, capacity 73422K, committed 73600K, reserved 1114112K
  class space    used 8306K, capacity 9044K, committed 9088K, reserved 1048576K
}
Event: 8933.926 GC heap before
{Heap before GC invocations=28 (full 2):
 garbage-first heap   total 99328K, used 80421K [0x000000070ae00000, 0x0000000800000000)
  region size 1024K, 51 young (52224K), 4 survivors (4096K)
 Metaspace       used 71563K, capacity 73494K, committed 73600K, reserved 1114112K
  class space    used 8306K, capacity 9045K, committed 9088K, reserved 1048576K
}
Event: 8933.931 GC heap after
{Heap after GC invocations=29 (full 2):
 garbage-first heap   total 99328K, used 32204K [0x000000070ae00000, 0x0000000800000000)
  region size 1024K, 4 young (4096K), 4 survivors (4096K)
 Metaspace       used 71563K, capacity 73494K, committed 73600K, reserved 1114112K
  class space    used 8306K, capacity 9045K, committed 9088K, reserved 1048576K
}
Event: 9784.354 GC heap before
{Heap before GC invocations=29 (full 2):
 garbage-first heap   total 99328K, used 80332K [0x000000070ae00000, 0x0000000800000000)
  region size 1024K, 51 young (52224K), 4 survivors (4096K)
 Metaspace       used 71582K, capacity 73495K, committed 73600K, reserved 1114112K
  class space    used 8306K, capacity 9045K, committed 9088K, reserved 1048576K
}
Event: 9784.358 GC heap after
{Heap after GC invocations=30 (full 2):
 garbage-first heap   total 99328K, used 32311K [0x000000070ae00000, 0x0000000800000000)
  region size 1024K, 4 young (4096K), 4 survivors (4096K)
 Metaspace       used 71582K, capacity 73495K, committed 73600K, reserved 1114112K
  class space    used 8306K, capacity 9045K, committed 9088K, reserved 1048576K
}
Event: 10353.154 GC heap before
{Heap before GC invocations=30 (full 2):
 garbage-first heap   total 99328K, used 80439K [0x000000070ae00000, 0x0000000800000000)
  region size 1024K, 51 young (52224K), 4 survivors (4096K)
 Metaspace       used 71772K, capacity 73705K, committed 73856K, reserved 1114112K
  class space    used 8317K, capacity 9050K, committed 9088K, reserved 1048576K
}
Event: 10353.158 GC heap after
{Heap after GC invocations=31 (full 2):
 garbage-first heap   total 99328K, used 32576K [0x000000070ae00000, 0x0000000800000000)
  region size 1024K, 4 young (4096K), 4 survivors (4096K)
 Metaspace       used 71772K, capacity 73705K, committed 73856K, reserved 1114112K
  class space    used 8317K, capacity 9050K, committed 9088K, reserved 1048576K
}
Event: 10665.093 GC heap before
{Heap before GC invocations=31 (full 2):
 garbage-first heap   total 99328K, used 58176K [0x000000070ae00000, 0x0000000800000000)
  region size 1024K, 30 young (30720K), 4 survivors (4096K)
 Metaspace       used 71790K, capacity 73711K, committed 73856K, reserved 1114112K
  class space    used 8317K, capacity 9052K, committed 9088K, reserved 1048576K
}

